c:\users\smsmk\riderprojects\runtimecompiler\runtimecompiler\x64\debug\vc143.pdb
c:\users\smsmk\riderprojects\runtimecompiler\runtimecompiler\x64\debug\vc143.idb
c:\users\smsmk\riderprojects\runtimecompiler\runtimecompiler\x64\debug\symboltable.obj
c:\users\smsmk\riderprojects\runtimecompiler\runtimecompiler\x64\debug\runtimecompiler.obj
c:\users\smsmk\riderprojects\runtimecompiler\runtimecompiler\x64\debug\semanticanalyzer.obj
c:\users\smsmk\riderprojects\runtimecompiler\runtimecompiler\x64\debug\properties.obj
c:\users\smsmk\riderprojects\runtimecompiler\runtimecompiler\x64\debug\parser.obj
c:\users\smsmk\riderprojects\runtimecompiler\runtimecompiler\x64\debug\tacgenerator.obj
c:\users\smsmk\riderprojects\runtimecompiler\runtimecompiler\x64\debug\tacevaluation.obj
c:\users\smsmk\riderprojects\runtimecompiler\runtimecompiler\x64\debug\assemblygenerator.obj
c:\users\smsmk\riderprojects\runtimecompiler\runtimecompiler\x64\debug\intermediaterepresentation.obj
c:\users\smsmk\riderprojects\runtimecompiler\runtimecompiler\x64\debug\irvisitor.obj
c:\users\smsmk\riderprojects\runtimecompiler\runtimecompiler\x64\debug\lexer.obj
c:\users\smsmk\riderprojects\runtimecompiler\runtimecompiler\x64\debug\tokentype.obj
c:\users\smsmk\riderprojects\runtimecompiler\runtimecompiler\x64\debug\evaluator.obj
c:\users\smsmk\riderprojects\runtimecompiler\runtimecompiler\x64\debug\diagnoser.obj
c:\users\smsmk\riderprojects\runtimecompiler\runtimecompiler\x64\debug\controlflowgraph.obj
c:\users\smsmk\riderprojects\runtimecompiler\runtimecompiler\x64\debug\preprocessor.obj
c:\users\smsmk\riderprojects\runtimecompiler\runtimecompiler\x64\debug\compiler.obj
c:\users\smsmk\riderprojects\runtimecompiler\x64\debug\runtimecompiler.exe
c:\users\smsmk\riderprojects\runtimecompiler\runtimecompiler\x64\debug\runtimecompiler.ilk
c:\users\smsmk\riderprojects\runtimecompiler\x64\debug\runtimecompiler.pdb
c:\users\smsmk\riderprojects\runtimecompiler\runtimecompiler\x64\debug\semanticanalysis.obj
c:\users\smsmk\riderprojects\runtimecompiler\runtimecompiler\x64\debug\runtimecompiler.tlog\cl.command.1.tlog
c:\users\smsmk\riderprojects\runtimecompiler\runtimecompiler\x64\debug\runtimecompiler.tlog\cl.items.tlog
c:\users\smsmk\riderprojects\runtimecompiler\runtimecompiler\x64\debug\runtimecompiler.tlog\cl.read.1.tlog
c:\users\smsmk\riderprojects\runtimecompiler\runtimecompiler\x64\debug\runtimecompiler.tlog\cl.write.1.tlog
c:\users\smsmk\riderprojects\runtimecompiler\runtimecompiler\x64\debug\runtimecompiler.tlog\link.command.1.tlog
c:\users\smsmk\riderprojects\runtimecompiler\runtimecompiler\x64\debug\runtimecompiler.tlog\link.read.1.tlog
c:\users\smsmk\riderprojects\runtimecompiler\runtimecompiler\x64\debug\runtimecompiler.tlog\link.write.1.tlog
